
--- Module:   src\Anzeige\Anzeige.c (C)
                   _
#if __INT_MAX__ == 127
avr\include\stdint.h  56  Warning 553: Undefined preprocessor variable
    '__INT_MAX__', assumed 0
                          _
typedef signed int int8_t __attribute__((__mode__(__QI__)));
avr\include\stdint.h  125  Error 10: Expecting ';'
avr\include\stdint.h  125  Error 19: Useless Declaration
                             _
typedef unsigned int uint8_t __attribute__((__mode__(__QI__)));
avr\include\stdint.h  126  Error 10: Expecting ';'
avr\include\stdint.h  126  Error 19: Useless Declaration
                           _
typedef signed int int16_t __attribute__ ((__mode__ (__HI__)));
avr\include\stdint.h  127  Error 10: Expecting ';'
avr\include\stdint.h  127  Error 19: Useless Declaration
                              _
typedef unsigned int uint16_t __attribute__ ((__mode__ (__HI__)));
avr\include\stdint.h  128  Error 10: Expecting ';'
avr\include\stdint.h  128  Error 19: Useless Declaration
                           _
typedef signed int int32_t __attribute__ ((__mode__ (__SI__)));
avr\include\stdint.h  129  Error 10: Expecting ';'
avr\include\stdint.h  129  Error 19: Useless Declaration
                              _
typedef unsigned int uint32_t __attribute__ ((__mode__ (__SI__)));
avr\include\stdint.h  130  Error 10: Expecting ';'
avr\include\stdint.h  130  Error 19: Useless Declaration
                           _
typedef signed int int64_t __attribute__((__mode__(__DI__)));
avr\include\stdint.h  132  Error 10: Expecting ';'
avr\include\stdint.h  132  Error 19: Useless Declaration
                              _
typedef unsigned int uint64_t __attribute__((__mode__(__DI__)));
avr\include\stdint.h  133  Error 10: Expecting ';'
avr\include\stdint.h  133  Error 19: Useless Declaration
                      _
#  if __AVR_ARCH__ >= 100
avr\include\avr\sfr_defs.h  169  Warning 553: Undefined preprocessor variable
    '__AVR_ARCH__', assumed 0
     _
#    warning "device type not defined"
avr\include\avr\io.h  623  Error 16: Unrecognized name
avr\include\avr\io.h  623  Error 10: Expecting end of line
         _
#include <avr/sfr_defs.h>
avr\include\avr\common.h  37  Warning 537: Repeated include file
    'avr\include\avr\sfr_defs.h'
                    _
#if __AVR_ARCH__ >= 100
avr\include\avr\common.h  69  Warning 553: Undefined preprocessor variable
    '__AVR_ARCH__', assumed 0
                      _
#elif __AVR_ARCH__ != 1 
avr\include\avr\common.h  79  Warning 553: Undefined preprocessor variable
    '__AVR_ARCH__', assumed 0
                                                        _
#  if XRAMEND < 0x100 && !defined(__COMPILING_AVR_LIBC__)
avr\include\avr\common.h  83  Warning 553: Undefined preprocessor variable
    'XRAMEND', assumed 0
                      _
#  if __AVR_ARCH__ >= 100
avr\include\avr\common.h  100  Warning 553: Undefined preprocessor variable
    '__AVR_ARCH__', assumed 0
                       _
#if __AVR_ARCH__ != 1  /* avr1 does not have X and Y pointers */
avr\include\avr\common.h  214  Warning 553: Undefined preprocessor variable
    '__AVR_ARCH__', assumed 0
                      _
#  if __AVR_ARCH__ >= 100
avr\include\avr\common.h  227  Warning 553: Undefined preprocessor variable
    '__AVR_ARCH__', assumed 0
                      _
#  if __AVR_ARCH__ >= 100
avr\include\avr\common.h  237  Warning 553: Undefined preprocessor variable
    '__AVR_ARCH__', assumed 0
                      _
#  if __AVR_ARCH__ >= 100
avr\include\avr\common.h  258  Warning 553: Undefined preprocessor variable
    '__AVR_ARCH__', assumed 0
                    _
#if __AVR_ARCH__ >= 100
avr\include\avr\io.h  633  Warning 553: Undefined preprocessor variable
    '__AVR_ARCH__', assumed 0
                       _
#if FUSE_MEMORY_SIZE > 3
avr\include\avr\fuse.h  229  Warning 553: Undefined preprocessor variable
    'FUSE_MEMORY_SIZE', assumed 0
                          _
#elif FUSE_MEMORY_SIZE == 3
avr\include\avr\fuse.h  237  Warning 553: Undefined preprocessor variable
    'FUSE_MEMORY_SIZE', assumed 0
                          _
#elif FUSE_MEMORY_SIZE == 2
avr\include\avr\fuse.h  246  Warning 553: Undefined preprocessor variable
    'FUSE_MEMORY_SIZE', assumed 0
                          _
#elif FUSE_MEMORY_SIZE == 1
avr\include\avr\fuse.h  254  Warning 553: Undefined preprocessor variable
    'FUSE_MEMORY_SIZE', assumed 0

    
         _
#include <stdbool.h>
src\Anzeige\Anzeige.h  14  Error 322: Unable to open include file 'stdbool.h'
